<?xml version="1.0" encoding="UTF-8"?>
<!-- Generated by org.testng.reporters.JUnitXMLReporter -->
<testsuite hostname="WKWIN5295644" ignored="0" name="Test" tests="2" failures="1" timestamp="2021-08-18T22:56:00 IST" time="2.242" errors="0">
  <testcase name="pageRelatedFunction" time="0.733" classname="basePackage.HomePageTest">
    <skipped/>
  </testcase> <!-- pageRelatedFunction -->
  <testcase name="pageRelatedFunction" time="0.488" classname="basePackage.HomePageTest">
    <failure type="java.lang.NoClassDefFoundError" message="Could not initialize class com.sun.proxy.$Proxy6">
      <![CDATA[java.lang.NoClassDefFoundError: Could not initialize class com.sun.proxy.$Proxy6
at org.apache.commons.configuration2.builder.fluent.Parameters.createParametersProxy(Parameters.java:306)
at org.apache.commons.configuration2.builder.fluent.Parameters.fileBased(Parameters.java:185)
at org.apache.commons.configuration2.builder.fluent.Configurations.fileParams(Configurations.java:640)
at org.apache.commons.configuration2.builder.fluent.Configurations.fileParams(Configurations.java:676)
at org.apache.commons.configuration2.builder.fluent.Configurations.fileBasedBuilder(Configurations.java:163)
at org.apache.commons.configuration2.builder.fluent.Configurations.propertiesBuilder(Configurations.java:288)
at org.apache.commons.configuration2.builder.fluent.Configurations.properties(Configurations.java:342)
at basePackage.HomePageTest.pageRelatedFunction(HomePageTest.java:37)
at java.util.ArrayList.forEach(ArrayList.java:1257)
... Removed 35 stack frames]]>
    </failure>
  </testcase> <!-- pageRelatedFunction -->
</testsuite> <!-- Test -->
