<?xml version="1.0" encoding="UTF-8"?>
<testsuite xmlns:xsi="http://www.w3.org/2001/XMLSchema-instance" xsi:schemaLocation="https://maven.apache.org/surefire/maven-surefire-plugin/xsd/surefire-test-report.xsd" name="TestSuite" time="8.529" tests="2" errors="0" skipped="1" failures="1">
  <properties>
[...]
</properties>
  <testcase name="pageRelatedFunction" classname="basePackage.HomePageTest" time="0">
    <skipped message="org/apache/commons/beanutils/DynaBean"/>
    <system-out><![CDATA[before suite
before test
test
]]></system-out>
    <system-err><![CDATA[Starting ChromeDriver 91.0.4472.101 (af52a90bf87030dd1523486a1cd3ae25c5d76c9b-refs/branch-heads/4472@{#1462}) on port 33091
Only local connections are allowed.
Please see https://chromedriver.chromium.org/security-considerations for suggestions on keeping ChromeDriver safe.
ChromeDriver was started successfully.
[1629307556.660][WARNING]: This version of ChromeDriver has not been tested with Chrome version 92.
Aug 18, 2021 10:55:56 PM org.openqa.selenium.remote.ProtocolHandshake createSession
INFO: Detected dialect: W3C
]]></system-err>
  </testcase>
  <testcase name="pageRelatedFunction" classname="basePackage.HomePageTest" time="0.701">
    <failure message="Could not initialize class com.sun.proxy.$Proxy6" type="java.lang.NoClassDefFoundError">java.lang.NoClassDefFoundError: Could not initialize class com.sun.proxy.$Proxy6
	at basePackage.HomePageTest.pageRelatedFunction(HomePageTest.java:37)
</failure>
    <system-out><![CDATA[test
]]></system-out>
  </testcase>
</testsuite>