-------------------------------------------------------------------------------
Test set: TestSuite
-------------------------------------------------------------------------------
Tests run: 2, Failures: 1, Errors: 0, Skipped: 1, Time elapsed: 8.529 sec <<< FAILURE! - in TestSuite
pageRelatedFunction(basePackage.HomePageTest)  Time elapsed: 0.701 sec  <<< FAILURE!
java.lang.NoClassDefFoundError: Could not initialize class com.sun.proxy.$Proxy6
	at basePackage.HomePageTest.pageRelatedFunction(HomePageTest.java:37)

